[Mon, 09 Apr 18 01:36:33 +0700][ERROR] [5]: Action 'addevent' was not found on handler 'authen'

[Mon, 09 Apr 18 01:36:49 +0700][ERROR] [5]: Action 'authen' was not found on handler 'authen'

[Mon, 09 Apr 18 01:36:52 +0700][ERROR] [5]: Action 'authen' was not found on handler 'authen'

[Mon, 09 Apr 18 01:37:11 +0700][ERROR] [5]: Action 'addevent' was not found on handler 'authen'

[Mon, 09 Apr 18 01:37:12 +0700][ERROR] [5]: Action 'authen' was not found on handler 'authen'

[Mon, 09 Apr 18 01:37:14 +0700][ERROR] [5]: Action 'authen' was not found on handler 'authen'

[Mon, 09 Apr 18 01:37:15 +0700][ERROR] [5]: Action 'authen' was not found on handler 'authen'

[Mon, 09 Apr 18 01:37:18 +0700][ERROR] [5]: Action 'authen' was not found on handler 'authen'

[Mon, 09 Apr 18 01:37:20 +0700][ERROR] [5]: Action 'authen' was not found on handler 'authen'

[Mon, 09 Apr 18 01:37:23 +0700][ERROR] [5]: Action 'authen' was not found on handler 'authen'

[Mon, 09 Apr 18 01:37:35 +0700][ERROR] [5]: Action 'addevent' was not found on handler 'authen'

[Mon, 09 Apr 18 01:37:38 +0700][ERROR] [5]: Action 'authen' was not found on handler 'authen'

[Mon, 09 Apr 18 01:37:39 +0700][ERROR] [5]: Action 'authen' was not found on handler 'authen'

[Mon, 09 Apr 18 01:37:39 +0700][ERROR] [5]: Action 'authen' was not found on handler 'authen'

[Mon, 09 Apr 18 01:37:42 +0700][ERROR] [5]: Action 'authen' was not found on handler 'authen'

[Mon, 09 Apr 18 02:07:33 +0700][ERROR] [2]: AddController handler class cannot be loaded

[Mon, 09 Apr 18 02:15:13 +0700][ERROR] [2]: EditController handler class cannot be loaded

[Mon, 09 Apr 18 02:16:01 +0700][ERROR] [2]: EditController handler class cannot be loaded

[Mon, 09 Apr 18 02:16:04 +0700][ERROR] [2]: EditController handler class cannot be loaded

[Mon, 09 Apr 18 02:16:06 +0700][ERROR] [2]: EditController handler class cannot be loaded

[Mon, 09 Apr 18 02:25:43 +0700][ERROR] [2]: EditController handler class cannot be loaded

[Mon, 09 Apr 18 02:25:46 +0700][ERROR] [2]: EditController handler class cannot be loaded

[Mon, 09 Apr 18 02:27:11 +0700][ERROR] [2]: EditController handler class cannot be loaded

[Mon, 09 Apr 18 02:27:15 +0700][ERROR] [2]: EditController handler class cannot be loaded

[Mon, 09 Apr 18 02:29:35 +0700][ERROR] [2]: EditController handler class cannot be loaded

[Mon, 09 Apr 18 02:29:39 +0700][ERROR] [2]: EditController handler class cannot be loaded

[Mon, 09 Apr 18 02:34:08 +0700][ERROR] [2]: EditController handler class cannot be loaded

[Mon, 09 Apr 18 02:37:18 +0700][ERROR] [2]: AddController handler class cannot be loaded

[Mon, 09 Apr 18 02:40:33 +0700][ERROR] [2]: AddController handler class cannot be loaded

[Mon, 09 Apr 18 02:40:35 +0700][ERROR] [2]: AddController handler class cannot be loaded

[Mon, 09 Apr 18 02:40:47 +0700][ERROR] [2]: AddController handler class cannot be loaded

[Mon, 09 Apr 18 02:40:48 +0700][ERROR] [2]: AddController handler class cannot be loaded

[Mon, 09 Apr 18 02:40:48 +0700][ERROR] [2]: AddController handler class cannot be loaded

[Mon, 09 Apr 18 02:40:48 +0700][ERROR] [2]: AddController handler class cannot be loaded

[Mon, 09 Apr 18 02:40:48 +0700][ERROR] [2]: AddController handler class cannot be loaded

[Mon, 09 Apr 18 02:41:09 +0700][ERROR] [2]: AddController handler class cannot be loaded

[Mon, 09 Apr 18 02:41:09 +0700][ERROR] [2]: AddController handler class cannot be loaded

[Mon, 09 Apr 18 02:41:10 +0700][ERROR] [2]: AddController handler class cannot be loaded

[Mon, 09 Apr 18 02:41:10 +0700][ERROR] [2]: AddController handler class cannot be loaded

[Mon, 09 Apr 18 02:41:10 +0700][ERROR] [2]: AddController handler class cannot be loaded

[Mon, 09 Apr 18 02:42:35 +0700][ERROR] [2]: AddController handler class cannot be loaded

[Mon, 09 Apr 18 02:44:16 +0700][ERROR] [2]: AppController handler class cannot be loaded

[Mon, 09 Apr 18 02:46:03 +0700][ERROR] [2]: AddController handler class cannot be loaded

[Mon, 09 Apr 18 12:28:31 +0700][ERROR] [2]: AddController handler class cannot be loaded

[Mon, 09 Apr 18 12:28:46 +0700][ERROR] [2]: AddController handler class cannot be loaded

[Mon, 09 Apr 18 12:29:33 +0700][ERROR] [2]: ViewsController handler class cannot be loaded

[Mon, 09 Apr 18 12:29:40 +0700][ERROR] [2]: ViewsController handler class cannot be loaded

[Mon, 09 Apr 18 12:29:47 +0700][ERROR] [2]: EditController handler class cannot be loaded

[Mon, 09 Apr 18 12:29:52 +0700][ERROR] [2]: ViewsController handler class cannot be loaded

[Mon, 09 Apr 18 12:31:11 +0700][ERROR] [2]: AddController handler class cannot be loaded

[Mon, 09 Apr 18 12:31:13 +0700][ERROR] [2]: AddController handler class cannot be loaded

[Mon, 09 Apr 18 12:31:28 +0700][ERROR] [2]: ViewsController handler class cannot be loaded

[Mon, 09 Apr 18 12:36:03 +0700][ERROR] [2]: ViewsController handler class cannot be loaded

[Mon, 09 Apr 18 12:38:41 +0700][ERROR] [2]: ViewsController handler class cannot be loaded

[Mon, 09 Apr 18 12:38:44 +0700][ERROR] [2]: ViewsController handler class cannot be loaded

[Mon, 09 Apr 18 12:40:12 +0700][ERROR] [2]: ViewsController handler class cannot be loaded

[Mon, 09 Apr 18 12:40:14 +0700][ERROR] [2]: ViewsController handler class cannot be loaded

[Mon, 09 Apr 18 12:41:06 +0700][ERROR] [2]: ViewsController handler class cannot be loaded

[Mon, 09 Apr 18 12:43:02 +0700][ERROR] [2]: AddController handler class cannot be loaded

[Mon, 09 Apr 18 13:49:00 +0700][ERROR] [2]: EditController handler class cannot be loaded

[Mon, 09 Apr 18 13:51:54 +0700][ERROR] [2]: EditController handler class cannot be loaded

[Mon, 09 Apr 18 14:07:04 +0700][ERROR] [5]: Action 'edit' was not found on handler 'edit'

[Mon, 09 Apr 18 14:09:45 +0700][ERROR] [5]: Action 'set' was not found on handler 'edit'

[Mon, 09 Apr 18 14:09:49 +0700][ERROR] [5]: Action 'set' was not found on handler 'edit'

[Mon, 09 Apr 18 14:10:12 +0700][ERROR] [5]: Action 'set' was not found on handler 'edit'

[Mon, 09 Apr 18 14:10:57 +0700][ERROR] [5]: Action 'set' was not found on handler 'edit'

[Mon, 09 Apr 18 14:11:03 +0700][ERROR] [5]: Action 'set' was not found on handler 'edit'

